0 info it worked if it ends with ok
1 verbose cli [ '/usr/local/bin/node', '/usr/local/bin/npm', 'link' ]
2 info using npm@1.4.28
3 info using node@v0.10.38
4 verbose linkPkg /Users/dnomadb/colonel-mercator
5 verbose link build target /usr/local/lib/node_modules/colonel-mercator
6 verbose install where,what [ '/Users/dnomadb/colonel-mercator', [] ]
7 verbose readDependencies using package.json deps
8 verbose install where, deps [ '/Users/dnomadb/colonel-mercator',
8 verbose install   [ 'mapnik-omnivore',
8 verbose install     'minimist',
8 verbose install     'split',
8 verbose install     'coveralls',
8 verbose install     'istanbul',
8 verbose install     'tape' ] ]
9 info preinstall colonel-mercator@0.0.1
10 verbose readDependencies using package.json deps
11 verbose already installed skipping mapnik-omnivore@^6.3.2 /Users/dnomadb/colonel-mercator
12 verbose already installed skipping minimist@^1.1.0 /Users/dnomadb/colonel-mercator
13 verbose already installed skipping split@^0.3.3 /Users/dnomadb/colonel-mercator
14 verbose already installed skipping coveralls@^2.11.2 /Users/dnomadb/colonel-mercator
15 verbose already installed skipping istanbul@^0.3.7 /Users/dnomadb/colonel-mercator
16 verbose already installed skipping tape@^3.5.0 /Users/dnomadb/colonel-mercator
17 silly resolved []
18 info build /Users/dnomadb/colonel-mercator
19 verbose linkStuff [ false, false, false, '/Users/dnomadb' ]
20 info linkStuff colonel-mercator@0.0.1
21 verbose linkBins colonel-mercator@0.0.1
22 verbose linkMans colonel-mercator@0.0.1
23 verbose rebuildBundles colonel-mercator@0.0.1
24 verbose rebuildBundles [ '.bin',
24 verbose rebuildBundles   'coveralls',
24 verbose rebuildBundles   'istanbul',
24 verbose rebuildBundles   'mapnik-omnivore',
24 verbose rebuildBundles   'minimist',
24 verbose rebuildBundles   'split',
24 verbose rebuildBundles   'tape' ]
25 info install colonel-mercator@0.0.1
26 info postinstall colonel-mercator@0.0.1
27 info prepublish colonel-mercator@0.0.1
28 info build /usr/local/lib/node_modules/colonel-mercator
29 verbose linkStuff [ true,
29 verbose linkStuff   '/usr/local/lib/node_modules',
29 verbose linkStuff   true,
29 verbose linkStuff   '/usr/local/lib/node_modules' ]
30 info linkStuff colonel-mercator@0.0.1
31 verbose linkBins colonel-mercator@0.0.1
32 verbose link bins [ { 'colonel-mercator': '/bin/colonel-mercator' },
32 verbose link bins   '/usr/local/bin',
32 verbose link bins   true ]
33 verbose linkMans colonel-mercator@0.0.1
34 error Error: ENOENT, chmod '/bin/colonel-mercator'
35 error If you need help, you may report this *entire* log,
35 error including the npm and node versions, at:
35 error     <http://github.com/npm/npm/issues>
36 error System Darwin 15.0.0
37 error command "/usr/local/bin/node" "/usr/local/bin/npm" "link"
38 error cwd /Users/dnomadb/colonel-mercator
39 error node -v v0.10.38
40 error npm -v 1.4.28
41 error path /bin/colonel-mercator
42 error code ENOENT
43 error errno 34
44 verbose exit [ 34, true ]
